<?xml version="1.0" encoding="UTF-8"?>
<!-- Generated by org.testng.reporters.JUnitReportReporter -->
<testsuite hostname="Rikmateriya" failures="0" tests="3" name="Testcases.TC01" time="17.138" errors="0" timestamp="2023-09-04T14:29:59 IST" skipped="0">
  <testcase classname="Testcases.TC01" name="browserLaunch" time="7.052"/>
  <testcase classname="Testcases.TC01" name="browserLaunch" time="6.771"/>
  <testcase classname="Testcases.TC01" name="browserLaunch" time="3.315"/>
</testsuite> <!-- Testcases.TC01 -->
